<?xml version="1.0" encoding="UTF-8"?>
<!-- Generated by org.testng.reporters.JUnitXMLReporter -->
<testsuite hostname="Automation" ignored="2" name="Default test" tests="1" failures="0" timestamp="08 Jul 2024 11:09:37 GMT" time="0.069" errors="0">
  <testcase name="apiMethod45" time="0.034" classname="anuntaRestAssured.ApiTest"/>
  <testcase name="apiMethod" time="0.0" classname="anuntaRestAssured.ApiTest">
    <ignored/>
  </testcase> <!-- apiMethod -->
  <testcase name="getMethod2" time="0.0" classname="anuntaRestAssured.ApiTest">
    <ignored/>
  </testcase> <!-- getMethod2 -->
</testsuite> <!-- Default test -->
