<?xml version="1.0" encoding="UTF-8"?>
<testng-results skipped="0" failed="0" ignored="1" total="2" passed="1">
  <reporter-output>
  </reporter-output>
  <suite name="Suite" duration-ms="71" started-at="2024-07-05T14:20:54Z" finished-at="2024-07-05T14:20:54Z">
    <groups>
    </groups>
    <test name="Test" duration-ms="71" started-at="2024-07-05T14:20:54Z" finished-at="2024-07-05T14:20:54Z">
      <class name="anuntaRestAssured.ApiTest">
        <test-method status="PASS" signature="getMethod2()[pri:0, instance:anuntaRestAssured.ApiTest@3c0f93f1]" name="getMethod2" duration-ms="38" started-at="2024-07-05T14:20:54Z" finished-at="2024-07-05T14:20:54Z">
          <reporter-output>
          </reporter-output>
        </test-method> <!-- getMethod2 -->
      </class> <!-- anuntaRestAssured.ApiTest -->
    </test> <!-- Test -->
  </suite> <!-- Suite -->
</testng-results>
